SF:lib/models/prayer_times.dart
DA:58,2
DA:78,2
DA:79,3
DA:80,4
DA:81,2
DA:82,1
DA:84,2
DA:85,2
DA:87,2
DA:88,4
DA:89,4
DA:90,2
DA:91,4
DA:92,2
DA:96,4
DA:98,0
DA:102,2
DA:103,2
DA:104,2
DA:105,2
DA:106,2
DA:107,2
DA:108,2
DA:109,2
DA:110,2
DA:111,2
DA:112,2
DA:113,2
DA:114,5
DA:115,6
DA:119,8
DA:123,1
DA:124,1
DA:125,2
DA:126,1
DA:127,1
DA:128,1
DA:129,1
DA:130,1
DA:131,1
DA:132,1
DA:133,1
DA:134,1
DA:135,1
DA:136,1
DA:137,1
DA:138,1
DA:139,1
DA:140,1
DA:141,2
DA:145,4
DA:146,4
DA:147,4
DA:148,4
DA:149,4
DA:150,4
DA:151,4
DA:154,2
DA:155,2
DA:156,4
DA:157,4
DA:158,2
DA:163,4
DA:166,2
DA:167,2
DA:168,2
DA:169,16
DA:172,1
DA:173,4
DA:182,2
DA:189,3
DA:205,2
DA:214,2
DA:215,2
DA:216,2
DA:217,4
DA:218,4
DA:219,6
DA:220,4
DA:221,4
DA:225,1
DA:226,1
DA:227,1
DA:228,1
DA:229,1
DA:230,1
DA:231,1
DA:232,1
DA:236,10
DA:237,5
LF:90
LH:89
end_of_record
SF:lib/models/prayer_times.g.dart
DA:13,0
DA:15,0
DA:16,0
DA:17,0
DA:19,0
DA:20,0
DA:21,0
DA:22,0
DA:23,0
DA:24,0
DA:25,0
DA:26,0
DA:27,0
DA:28,0
DA:29,0
DA:30,0
DA:31,0
DA:32,0
DA:33,0
DA:34,0
DA:35,0
DA:36,0
DA:40,0
DA:43,0
DA:44,0
DA:45,0
DA:46,0
DA:47,0
DA:48,0
DA:49,0
DA:50,0
DA:51,0
DA:52,0
DA:53,0
DA:54,0
DA:55,0
DA:56,0
DA:57,0
DA:58,0
DA:59,0
DA:60,0
DA:61,0
DA:62,0
DA:63,0
DA:64,0
DA:65,0
DA:66,0
DA:67,0
DA:68,0
DA:69,0
DA:70,0
DA:71,0
DA:72,0
DA:73,0
DA:74,0
DA:75,0
DA:76,0
DA:77,0
DA:80,0
DA:81,0
DA:83,0
DA:86,0
DA:87,0
DA:88,0
LF:64
LH:0
end_of_record
SF:lib/models/ayah.dart
DA:43,0
DA:58,0
DA:59,0
DA:60,0
DA:61,0
DA:62,0
DA:63,0
DA:64,0
DA:65,0
DA:66,0
DA:67,0
DA:68,0
DA:69,0
DA:70,0
DA:71,0
DA:75,0
DA:76,0
DA:77,0
DA:78,0
DA:79,0
DA:80,0
DA:81,0
DA:82,0
DA:83,0
DA:84,0
DA:85,0
DA:86,0
DA:87,0
DA:88,0
DA:92,0
DA:94,0
LF:31
LH:0
end_of_record
SF:lib/models/ayah.g.dart
DA:13,0
DA:15,0
DA:16,0
DA:17,0
DA:19,0
DA:20,0
DA:21,0
DA:22,0
DA:23,0
DA:24,0
DA:25,0
DA:26,0
DA:27,0
DA:28,0
DA:29,0
DA:30,0
DA:31,0
DA:35,0
DA:38,0
DA:39,0
DA:40,0
DA:41,0
DA:42,0
DA:43,0
DA:44,0
DA:45,0
DA:46,0
DA:47,0
DA:48,0
DA:49,0
DA:50,0
DA:51,0
DA:52,0
DA:53,0
DA:54,0
DA:55,0
DA:56,0
DA:57,0
DA:58,0
DA:59,0
DA:60,0
DA:61,0
DA:62,0
DA:65,0
DA:66,0
DA:68,0
DA:71,0
DA:72,0
DA:73,0
LF:49
LH:0
end_of_record
SF:lib/models/azkar.g.dart
DA:13,0
DA:15,0
DA:16,0
DA:17,0
DA:19,0
DA:20,0
DA:21,0
DA:22,0
DA:23,0
DA:24,0
DA:25,0
DA:26,0
DA:27,0
DA:31,0
DA:34,0
DA:35,0
DA:36,0
DA:37,0
DA:38,0
DA:39,0
DA:40,0
DA:41,0
DA:42,0
DA:43,0
DA:44,0
DA:45,0
DA:46,0
DA:47,0
DA:48,0
DA:49,0
DA:50,0
DA:53,0
DA:54,0
DA:56,0
DA:59,0
DA:60,0
DA:61,0
DA:68,0
DA:70,0
DA:71,0
DA:72,0
DA:74,0
DA:75,0
DA:76,0
DA:77,0
DA:78,0
DA:79,0
DA:80,0
DA:81,0
DA:82,0
DA:83,0
DA:84,0
DA:85,0
DA:86,0
DA:90,0
DA:93,0
DA:94,0
DA:95,0
DA:96,0
DA:97,0
DA:98,0
DA:99,0
DA:100,0
DA:101,0
DA:102,0
DA:103,0
DA:104,0
DA:105,0
DA:106,0
DA:107,0
DA:108,0
DA:109,0
DA:110,0
DA:111,0
DA:112,0
DA:113,0
DA:114,0
DA:115,0
DA:116,0
DA:117,0
DA:120,0
DA:121,0
DA:123,0
DA:126,0
DA:127,0
DA:128,0
LF:86
LH:0
end_of_record
SF:lib/models/azkar.dart
DA:31,0
DA:42,0
DA:43,0
DA:44,0
DA:45,0
DA:46,0
DA:47,0
DA:48,0
DA:49,0
DA:50,0
DA:51,0
DA:52,0
DA:53,0
DA:54,0
DA:58,0
DA:59,0
DA:60,0
DA:61,0
DA:62,0
DA:63,0
DA:64,0
DA:65,0
DA:66,0
DA:67,0
DA:110,0
DA:123,0
DA:125,0
DA:126,0
DA:127,0
DA:128,0
DA:129,0
DA:130,0
DA:131,0
DA:132,0
DA:133,0
DA:134,0
DA:135,0
DA:136,0
DA:137,0
DA:138,0
DA:142,0
DA:143,0
DA:144,0
DA:145,0
DA:146,0
DA:147,0
DA:148,0
DA:149,0
DA:150,0
DA:151,0
DA:152,0
DA:153,0
DA:154,0
DA:155,0
DA:159,0
DA:163,0
DA:164,0
DA:165,0
DA:166,0
DA:167,0
DA:168,0
DA:169,0
DA:170,0
DA:171,0
DA:172,0
DA:173,0
DA:174,0
DA:175,0
DA:179,0
DA:180,0
DA:181,0
DA:182,0
DA:185,0
DA:186,0
DA:187,0
DA:188,0
DA:191,0
DA:193,0
DA:195,0
DA:196,0
LF:80
LH:0
end_of_record
SF:lib/models/hadith.dart
DA:34,0
DA:46,0
DA:47,0
DA:48,0
DA:49,0
DA:50,0
DA:51,0
DA:52,0
DA:53,0
DA:54,0
DA:55,0
DA:56,0
DA:57,0
DA:58,0
DA:59,0
DA:63,0
DA:64,0
DA:65,0
DA:66,0
DA:67,0
DA:68,0
DA:69,0
DA:70,0
DA:71,0
DA:72,0
DA:73,0
DA:128,0
DA:147,0
DA:148,0
DA:149,0
DA:150,0
DA:151,0
DA:152,0
DA:153,0
DA:154,0
DA:155,0
DA:156,0
DA:157,0
DA:158,0
DA:159,0
DA:160,0
DA:161,0
DA:162,0
DA:163,0
DA:164,0
DA:168,0
DA:169,0
DA:170,0
DA:171,0
DA:172,0
DA:173,0
DA:174,0
DA:175,0
DA:176,0
DA:177,0
DA:178,0
DA:179,0
DA:180,0
DA:181,0
DA:182,0
DA:183,0
DA:184,0
DA:185,0
DA:189,0
DA:193,0
DA:194,0
DA:195,0
DA:196,0
DA:197,0
DA:198,0
DA:199,0
DA:200,0
DA:201,0
DA:202,0
DA:203,0
DA:204,0
DA:205,0
DA:206,0
DA:207,0
DA:208,0
DA:209,0
DA:213,0
DA:214,0
LF:83
LH:0
end_of_record
SF:lib/models/hadith.g.dart
DA:13,0
DA:15,0
DA:16,0
DA:17,0
DA:19,0
DA:20,0
DA:21,0
DA:22,0
DA:23,0
DA:24,0
DA:25,0
DA:26,0
DA:27,0
DA:28,0
DA:32,0
DA:35,0
DA:36,0
DA:37,0
DA:38,0
DA:39,0
DA:40,0
DA:41,0
DA:42,0
DA:43,0
DA:44,0
DA:45,0
DA:46,0
DA:47,0
DA:48,0
DA:49,0
DA:50,0
DA:51,0
DA:52,0
DA:53,0
DA:56,0
DA:57,0
DA:59,0
DA:62,0
DA:63,0
DA:64,0
DA:71,0
DA:73,0
DA:74,0
DA:75,0
DA:77,0
DA:78,0
DA:79,0
DA:80,0
DA:81,0
DA:82,0
DA:83,0
DA:84,0
DA:85,0
DA:86,0
DA:87,0
DA:88,0
DA:89,0
DA:90,0
DA:91,0
DA:92,0
DA:93,0
DA:97,0
DA:100,0
DA:101,0
DA:102,0
DA:103,0
DA:104,0
DA:105,0
DA:106,0
DA:107,0
DA:108,0
DA:109,0
DA:110,0
DA:111,0
DA:112,0
DA:113,0
DA:114,0
DA:115,0
DA:116,0
DA:117,0
DA:118,0
DA:119,0
DA:120,0
DA:121,0
DA:122,0
DA:123,0
DA:124,0
DA:125,0
DA:126,0
DA:127,0
DA:128,0
DA:129,0
DA:130,0
DA:131,0
DA:132,0
DA:135,0
DA:136,0
DA:138,0
DA:141,0
DA:142,0
DA:143,0
LF:101
LH:0
end_of_record
SF:lib/models/surah.g.dart
DA:13,0
DA:15,0
DA:16,0
DA:17,0
DA:19,0
DA:20,0
DA:21,0
DA:22,0
DA:23,0
DA:24,0
DA:25,0
DA:29,0
DA:32,0
DA:33,0
DA:34,0
DA:35,0
DA:36,0
DA:37,0
DA:38,0
DA:39,0
DA:40,0
DA:41,0
DA:42,0
DA:43,0
DA:44,0
DA:47,0
DA:48,0
DA:50,0
DA:53,0
DA:54,0
DA:55,0
LF:31
LH:0
end_of_record
SF:lib/models/surah.dart
DA:25,0
DA:34,0
DA:35,0
DA:36,0
DA:37,0
DA:38,0
DA:39,0
DA:40,0
DA:41,0
DA:45,0
DA:46,0
DA:47,0
DA:48,0
DA:49,0
DA:50,0
DA:51,0
DA:52,0
DA:56,0
DA:57,0
LF:19
LH:0
end_of_record
SF:lib/models/qibla.dart
DA:25,0
DA:34,0
DA:35,0
DA:36,0
DA:37,0
DA:38,0
DA:39,0
DA:40,0
DA:41,0
DA:42,0
DA:43,0
DA:47,0
DA:48,0
DA:49,0
DA:50,0
DA:51,0
DA:52,0
DA:53,0
DA:54,0
DA:58,0
DA:59,0
DA:60,0
DA:62,0
DA:65,0
DA:67,0
DA:68,0
LF:26
LH:0
end_of_record
SF:lib/models/qibla.g.dart
DA:13,0
DA:15,0
DA:16,0
DA:17,0
DA:19,0
DA:20,0
DA:21,0
DA:22,0
DA:23,0
DA:24,0
DA:25,0
DA:29,0
DA:32,0
DA:33,0
DA:34,0
DA:35,0
DA:36,0
DA:37,0
DA:38,0
DA:39,0
DA:40,0
DA:41,0
DA:42,0
DA:43,0
DA:44,0
DA:47,0
DA:48,0
DA:50,0
DA:53,0
DA:54,0
DA:55,0
LF:31
LH:0
end_of_record
SF:lib/models/user_settings.dart
DA:91,0
DA:122,0
DA:123,0
DA:124,0
DA:125,0
DA:126,0
DA:127,0
DA:128,0
DA:129,0
DA:130,0
DA:131,0
DA:132,0
DA:133,0
DA:134,0
DA:135,0
DA:136,0
DA:137,0
DA:138,0
DA:139,0
DA:140,0
DA:141,0
DA:142,0
DA:143,0
DA:144,0
DA:145,0
DA:146,0
DA:147,0
DA:148,0
DA:149,0
DA:150,0
DA:151,0
DA:152,0
DA:157,0
DA:158,0
DA:159,0
DA:160,0
DA:161,0
DA:162,0
DA:163,0
DA:164,0
DA:165,0
DA:166,0
DA:167,0
DA:168,0
DA:169,0
DA:170,0
DA:171,0
DA:172,0
DA:173,0
DA:174,0
DA:175,0
DA:176,0
DA:177,0
DA:178,0
DA:179,0
DA:180,0
DA:181,0
DA:182,0
DA:183,0
DA:184,0
DA:185,0
DA:186,0
DA:190,0
DA:220,0
DA:221,0
DA:222,0
DA:223,0
DA:224,0
DA:225,0
DA:226,0
DA:227,0
DA:228,0
DA:229,0
DA:230,0
DA:231,0
DA:232,0
DA:233,0
DA:234,0
DA:235,0
DA:236,0
DA:237,0
DA:238,0
DA:239,0
DA:240,0
DA:241,0
DA:242,0
DA:243,0
DA:244,0
DA:245,0
DA:246,0
DA:247,0
DA:248,0
DA:282,0
DA:294,0
DA:295,0
DA:296,0
DA:297,0
DA:298,0
DA:299,0
DA:300,0
DA:301,0
DA:302,0
DA:303,0
DA:304,0
DA:308,0
DA:309,0
DA:310,0
DA:311,0
DA:312,0
DA:313,0
DA:314,0
DA:315,0
DA:316,0
DA:317,0
DA:318,0
LF:115
LH:0
end_of_record
SF:lib/models/user_settings.g.dart
DA:13,0
DA:15,0
DA:16,0
DA:17,0
DA:19,0
DA:20,0
DA:21,0
DA:22,0
DA:23,0
DA:24,0
DA:25,0
DA:26,0
DA:27,0
DA:28,0
DA:29,0
DA:30,0
DA:31,0
DA:32,0
DA:33,0
DA:34,0
DA:35,0
DA:36,0
DA:37,0
DA:38,0
DA:39,0
DA:40,0
DA:41,0
DA:42,0
DA:43,0
DA:44,0
DA:45,0
DA:46,0
DA:47,0
DA:51,0
DA:54,0
DA:55,0
DA:56,0
DA:57,0
DA:58,0
DA:59,0
DA:60,0
DA:61,0
DA:62,0
DA:63,0
DA:64,0
DA:65,0
DA:66,0
DA:67,0
DA:68,0
DA:69,0
DA:70,0
DA:71,0
DA:72,0
DA:73,0
DA:74,0
DA:75,0
DA:76,0
DA:77,0
DA:78,0
DA:79,0
DA:80,0
DA:81,0
DA:82,0
DA:83,0
DA:84,0
DA:85,0
DA:86,0
DA:87,0
DA:88,0
DA:89,0
DA:90,0
DA:91,0
DA:92,0
DA:93,0
DA:94,0
DA:95,0
DA:96,0
DA:97,0
DA:98,0
DA:99,0
DA:100,0
DA:101,0
DA:102,0
DA:103,0
DA:104,0
DA:105,0
DA:106,0
DA:107,0
DA:108,0
DA:109,0
DA:110,0
DA:113,0
DA:114,0
DA:116,0
DA:119,0
DA:120,0
DA:121,0
DA:128,0
DA:130,0
DA:131,0
DA:132,0
DA:134,0
DA:135,0
DA:136,0
DA:137,0
DA:138,0
DA:139,0
DA:140,0
DA:141,0
DA:142,0
DA:143,0
DA:147,0
DA:150,0
DA:151,0
DA:152,0
DA:153,0
DA:154,0
DA:155,0
DA:156,0
DA:157,0
DA:158,0
DA:159,0
DA:160,0
DA:161,0
DA:162,0
DA:163,0
DA:164,0
DA:165,0
DA:166,0
DA:167,0
DA:168,0
DA:171,0
DA:172,0
DA:174,0
DA:177,0
DA:178,0
DA:179,0
LF:137
LH:0
end_of_record
SF:lib/providers/prayer_times_provider.dart
DA:24,2
DA:25,2
DA:26,2
DA:27,2
DA:28,2
DA:29,2
DA:30,2
DA:31,2
DA:34,0
DA:36,0
DA:38,0
DA:39,0
DA:40,0
DA:41,0
DA:42,0
DA:47,0
DA:48,0
DA:49,0
DA:52,0
DA:54,0
DA:56,0
DA:58,0
DA:59,0
DA:64,0
DA:70,0
DA:71,0
DA:72,0
DA:77,0
DA:79,0
DA:80,0
DA:81,0
DA:86,0
DA:87,0
DA:88,0
DA:89,0
DA:92,0
DA:93,0
DA:94,0
DA:95,0
DA:96,0
DA:101,0
DA:102,0
DA:105,0
DA:107,0
DA:112,0
DA:114,0
DA:118,0
DA:122,0
DA:124,0
DA:125,0
DA:126,0
DA:127,0
DA:128,0
DA:129,0
DA:131,0
DA:132,0
DA:133,0
DA:134,0
DA:148,0
DA:149,0
DA:152,0
DA:153,0
DA:154,0
DA:158,0
DA:159,0
DA:160,0
DA:162,0
DA:167,0
DA:169,0
DA:172,0
DA:174,0
DA:175,0
DA:189,0
DA:190,0
DA:191,0
DA:192,0
DA:193,0
DA:198,0
DA:199,0
DA:200,0
DA:201,0
DA:202,0
DA:203,0
DA:208,0
DA:209,0
DA:210,0
DA:211,0
DA:212,0
DA:216,0
DA:218,0
DA:219,0
DA:220,0
DA:221,0
DA:224,0
DA:226,0
DA:227,0
DA:232,0
DA:233,0
DA:234,0
DA:238,1
DA:239,1
DA:241,0
DA:242,0
DA:243,0
DA:245,0
DA:247,0
DA:250,0
DA:251,0
DA:253,0
DA:254,0
DA:256,0
DA:259,0
DA:260,0
DA:262,0
DA:265,0
DA:266,0
DA:267,0
DA:277,0
DA:278,0
DA:279,0
DA:280,0
DA:284,1
DA:285,1
DA:287,0
DA:288,0
DA:290,0
DA:292,0
DA:293,0
DA:294,0
DA:297,0
DA:298,0
DA:301,0
DA:302,0
DA:303,0
DA:304,0
DA:305,0
DA:307,0
DA:310,1
DA:311,1
DA:312,1
LF:140
LH:15
end_of_record
SF:lib/services/api_service.dart
DA:18,0
DA:19,0
DA:20,0
DA:21,0
DA:24,0
DA:25,0
DA:26,0
DA:27,0
DA:29,0
DA:32,0
DA:33,0
DA:34,0
DA:35,0
DA:38,0
DA:39,0
DA:40,0
DA:42,0
DA:45,0
DA:48,0
DA:49,0
DA:50,0
DA:54,0
DA:55,0
DA:56,0
DA:59,0
DA:60,0
DA:61,0
DA:63,0
DA:64,0
DA:66,0
DA:67,0
DA:68,0
DA:69,0
DA:71,0
DA:72,0
DA:74,0
DA:75,0
DA:76,0
DA:77,0
DA:78,0
DA:79,0
DA:80,0
DA:81,0
DA:82,0
DA:83,0
DA:85,0
DA:88,0
DA:91,0
DA:92,0
DA:96,0
DA:103,0
DA:104,0
DA:106,0
DA:107,0
DA:108,0
DA:109,0
DA:110,0
DA:111,0
DA:114,0
DA:117,0
DA:118,0
DA:119,0
DA:120,0
DA:122,0
DA:125,0
DA:132,0
DA:133,0
DA:135,0
DA:136,0
DA:139,0
DA:140,0
DA:143,0
DA:146,0
DA:147,0
DA:148,0
DA:149,0
DA:150,0
DA:151,0
DA:153,0
DA:156,0
DA:160,0
DA:161,0
DA:162,0
DA:163,0
DA:165,0
DA:168,0
DA:169,0
DA:170,0
DA:172,0
DA:176,0
DA:177,0
DA:178,0
DA:179,0
DA:182,0
DA:183,0
DA:184,0
DA:185,0
DA:187,0
DA:190,0
DA:192,0
DA:193,0
DA:194,0
DA:195,0
DA:197,0
DA:200,0
DA:201,0
DA:202,0
DA:204,0
DA:207,0
DA:208,0
DA:209,0
DA:210,0
DA:213,0
DA:214,0
DA:215,0
DA:217,0
DA:220,0
DA:226,0
DA:228,0
DA:229,0
DA:232,0
DA:235,0
DA:236,0
DA:237,0
DA:240,0
DA:241,0
DA:242,0
DA:243,0
DA:245,0
DA:249,0
DA:251,0
DA:254,0
DA:255,0
DA:259,0
LF:134
LH:0
end_of_record
SF:lib/services/location_service.dart
DA:11,0
DA:13,0
DA:14,0
DA:15,0
DA:16,0
DA:17,0
DA:21,0
DA:22,0
DA:26,0
DA:31,0
DA:32,0
DA:33,0
DA:34,0
DA:37,0
DA:38,0
DA:41,0
DA:42,0
DA:45,0
DA:46,0
DA:49,0
DA:53,0
DA:54,0
DA:61,0
DA:63,0
DA:64,0
DA:65,0
DA:66,0
DA:72,0
DA:81,0
DA:83,0
DA:86,0
DA:88,0
DA:92,0
DA:102,0
LF:34
LH:0
end_of_record
SF:lib/services/notification_service.dart
DA:9,0
DA:10,0
DA:14,0
DA:17,0
DA:36,0
DA:42,0
DA:47,0
DA:57,0
DA:58,0
DA:60,0
DA:63,0
DA:67,0
DA:71,0
DA:73,0
DA:75,0
DA:76,0
DA:77,0
DA:78,0
DA:79,0
DA:80,0
DA:83,0
DA:84,0
DA:85,0
DA:86,0
DA:87,0
DA:88,0
DA:91,0
DA:92,0
DA:93,0
DA:94,0
DA:95,0
DA:100,0
DA:105,0
DA:106,0
DA:107,0
DA:108,0
DA:110,0
DA:111,0
DA:112,0
DA:113,0
DA:114,0
DA:120,0
DA:123,0
DA:124,0
DA:151,0
DA:152,0
DA:153,0
DA:154,0
DA:156,0
DA:166,0
DA:167,0
DA:170,0
DA:171,0
DA:174,0
DA:200,0
DA:201,0
DA:209,0
DA:210,0
DA:211,0
DA:214,0
DA:217,0
DA:218,0
DA:221,0
DA:232,0
DA:233,0
DA:234,0
DA:236,0
DA:238,0
DA:239,0
DA:241,0
LF:70
LH:0
end_of_record
SF:lib/services/storage_service.dart
DA:24,0
DA:27,0
DA:30,0
DA:31,0
DA:32,0
DA:33,0
DA:34,0
DA:35,0
DA:36,0
DA:37,0
DA:38,0
DA:39,0
DA:42,0
DA:43,0
DA:44,0
DA:45,0
DA:46,0
DA:47,0
DA:48,0
DA:49,0
DA:55,0
DA:56,0
DA:58,0
DA:59,0
DA:60,0
DA:63,0
DA:64,0
DA:68,0
DA:70,0
DA:71,0
DA:72,0
DA:73,0
DA:77,0
DA:78,0
DA:81,0
DA:82,0
DA:86,0
DA:88,0
DA:89,0
DA:90,0
DA:91,0
DA:95,0
DA:96,0
DA:97,0
DA:98,0
DA:99,0
DA:102,0
DA:103,0
DA:107,0
DA:108,0
DA:110,0
DA:111,0
DA:112,0
DA:115,0
DA:116,0
DA:117,0
DA:120,0
DA:121,0
DA:122,0
DA:123,0
DA:124,0
DA:128,0
DA:130,0
DA:131,0
DA:134,0
DA:135,0
DA:136,0
DA:140,0
DA:141,0
DA:144,0
DA:145,0
DA:146,0
DA:147,0
DA:148,0
DA:151,0
DA:152,0
DA:155,0
DA:156,0
DA:158,0
DA:160,0
DA:161,0
DA:162,0
DA:169,0
DA:171,0
DA:172,0
DA:173,0
DA:174,0
DA:178,0
DA:179,0
DA:180,0
DA:181,0
DA:182,0
DA:185,0
DA:186,0
DA:189,0
DA:190,0
DA:192,0
DA:194,0
DA:199,0
DA:200,0
DA:202,0
DA:203,0
DA:204,0
DA:205,0
DA:207,0
DA:209,0
DA:214,0
DA:215,0
DA:219,0
DA:220,0
DA:222,0
DA:223,0
DA:224,0
DA:227,0
DA:228,0
DA:229,0
DA:233,0
DA:234,0
DA:236,0
DA:237,0
DA:240,0
DA:241,0
DA:244,0
DA:245,0
DA:246,0
DA:249,0
DA:250,0
DA:251,0
DA:252,0
DA:253,0
DA:257,0
DA:258,0
DA:259,0
DA:260,0
DA:261,0
DA:262,0
DA:263,0
DA:264,0
DA:267,0
DA:268,0
LF:140
LH:0
end_of_record
SF:lib/providers/settings_provider.dart
DA:8,0
DA:10,0
DA:11,0
DA:12,0
DA:15,0
DA:17,0
DA:19,0
DA:20,0
DA:21,0
DA:24,0
DA:25,0
DA:26,0
DA:27,0
DA:30,0
DA:31,0
DA:32,0
DA:33,0
DA:36,0
DA:37,0
DA:38,0
DA:41,0
DA:42,0
DA:43,0
DA:44,0
DA:47,0
DA:48,0
DA:49,0
DA:50,0
DA:53,0
DA:54,0
DA:55,0
DA:56,0
DA:59,0
DA:61,0
DA:62,0
DA:64,0
DA:65,0
DA:67,0
DA:68,0
DA:70,0
DA:71,0
DA:73,0
DA:74,0
DA:77,0
DA:78,0
DA:81,0
DA:82,0
DA:83,0
DA:84,0
DA:87,0
DA:88,0
DA:89,0
DA:90,0
DA:93,0
DA:94,0
DA:95,0
DA:96,0
DA:99,0
DA:100,0
DA:101,0
DA:102,0
DA:105,0
DA:106,0
DA:107,0
DA:108,0
DA:111,0
DA:112,0
DA:113,0
DA:114,0
DA:117,0
DA:118,0
DA:119,0
DA:120,0
DA:123,0
DA:124,0
DA:125,0
DA:126,0
DA:129,0
DA:130,0
DA:131,0
DA:132,0
DA:135,0
DA:136,0
DA:137,0
DA:138,0
DA:141,0
DA:146,0
DA:147,0
DA:148,0
DA:151,0
DA:152,0
DA:155,0
DA:156,0
DA:157,0
DA:158,0
DA:161,0
DA:162,0
DA:164,0
DA:166,0
DA:167,0
DA:243,2
DA:251,2
LF:102
LH:2
end_of_record
